<?xml version="1.0" encoding="UTF-8"?>
<!-- Generated by org.testng.reporters.JUnitReportReporter -->
<testsuite hostname="hp" failures="0" tests="4" name="com.bridgelabz.TestBooksWagon" time="77.785" errors="0" timestamp="2023-03-20T16:59:21 IST" skipped="0">
  <testcase classname="com.bridgelabz.TestBooksWagon" name="insertDataInField" time="17.174"/>
  <system-out/>
  <testcase classname="com.bridgelabz.TestBooksWagon" name="homepageSearchActivity" time="17.413"/>
  <system-out/>
  <testcase classname="com.bridgelabz.TestBooksWagon" name="wishlistCheckActivity" time="20.345"/>
  <system-out/>
  <testcase classname="com.bridgelabz.TestBooksWagon" name="placeOrder" time="22.853"/>
  <system-out/>
</testsuite> <!-- com.bridgelabz.TestBooksWagon -->
